Wed May 29 2019 17:00:23 GMT+0530 (India Standard Time): GET  /
Wed May 29 2019 17:00:38 GMT+0530 (India Standard Time): GET  /bad
Wed May 29 2019 17:00:47 GMT+0530 (India Standard Time): GET  /about
Wed May 29 2019 17:08:08 GMT+0530 (India Standard Time): GET  /about
Wed May 29 2019 17:08:10 GMT+0530 (India Standard Time): GET  /about
Wed May 29 2019 17:08:11 GMT+0530 (India Standard Time): GET  /about
Wed May 29 2019 17:08:11 GMT+0530 (India Standard Time): GET  /about
Wed May 29 2019 17:08:11 GMT+0530 (India Standard Time): GET  /about
Wed May 29 2019 17:08:11 GMT+0530 (India Standard Time): GET  /about
Wed May 29 2019 17:08:12 GMT+0530 (India Standard Time): GET  /about
Wed May 29 2019 17:08:12 GMT+0530 (India Standard Time): GET  /about
Wed May 29 2019 22:06:17 GMT+0530 (India Standard Time): GET  /
Wed May 29 2019 22:06:25 GMT+0530 (India Standard Time): GET  /about
Wed May 29 2019 22:06:30 GMT+0530 (India Standard Time): GET  /bad
Thu May 30 2019 18:18:14 GMT+0530 (India Standard Time): GET  /
Thu May 30 2019 18:18:15 GMT+0530 (India Standard Time): GET  /favicon.ico
Thu May 30 2019 18:18:18 GMT+0530 (India Standard Time): GET  /about
Thu May 30 2019 18:18:21 GMT+0530 (India Standard Time): GET  /bad
Thu May 30 2019 18:18:24 GMT+0530 (India Standard Time): GET  /project
Tue Jun 04 2019 12:09:40 GMT+0530 (India Standard Time): GET  /
Tue Jun 04 2019 12:09:57 GMT+0530 (India Standard Time): GET  /bad
